
> frontend@0.0.0 build
> vite build --debug

2025-10-25T02:27:58.442Z vite:config bundled config file loaded in 102.10ms
2025-10-25T02:27:58.466Z vite:config using resolved config: {
  plugins: [
    'vite:build-metadata',
    'vite:watch-package-data',
    'vite:pre-alias',
    'alias',
    'vite:modulepreload-polyfill',
    'vite:resolve',
    'vite:html-inline-proxy',
    'vite:css',
    'vite:esbuild',
    'vite:json',
    'vite:wasm-helper',
    'vite:worker',
    'vite:asset',
    'vite:vue',
    'vite:wasm-fallback',
    'vite:define',
    'vite:css-post',
    'vite:build-html',
    'vite:worker-import-meta-url',
    'vite:asset-import-meta-url',
    'vite:force-systemjs-wrap-complete',
    'commonjs',
    'vite:data-uri',
    'vite:dynamic-import-vars',
    'vite:import-glob',
    'vite:build-import-analysis',
    'vite:esbuild-transpile',
    'vite:terser',
    'vite:reporter',
    'vite:load-fallback'
  ],
  resolve: {
    mainFields: [ 'browser', 'module', 'jsnext:main', 'jsnext' ],
    conditions: [],
    extensions: [
      '.mjs',  '.js',
      '.mts',  '.ts',
      '.jsx',  '.tsx',
      '.json'
    ],
    dedupe: [ 'vue' ],
    preserveSymlinks: false,
    alias: [ [Object], [Object], [Object] ]
  },
  server: {
    preTransformRequests: true,
    proxy: { '/api': [Object] },
    sourcemapIgnoreList: [Function: isInNodeModules$1],
    middlewareMode: false,
    fs: {
      strict: true,
      allow: [Array],
      deny: [Array],
      cachedChecks: undefined
    }
  },
  build: {
    target: [ 'es2020', 'edge88', 'firefox78', 'chrome87', 'safari14' ],
    cssTarget: [ 'es2020', 'edge88', 'firefox78', 'chrome87', 'safari14' ],
    outDir: 'dist',
    assetsDir: 'assets',
    assetsInlineLimit: 4096,
    cssCodeSplit: true,
    sourcemap: false,
    rollupOptions: {},
    minify: 'esbuild',
    terserOptions: {},
    write: true,
    emptyOutDir: null,
    copyPublicDir: true,
    manifest: false,
    lib: false,
    ssr: false,
    ssrManifest: false,
    ssrEmitAssets: false,
    reportCompressedSize: true,
    chunkSizeWarningLimit: 500,
    watch: null,
    commonjsOptions: { include: [Array], extensions: [Array] },
    dynamicImportVarsOptions: { warnOnError: true, exclude: [Array] },
    modulePreload: { polyfill: true },
    cssMinify: true
  },
  define: {
    __VUE_OPTIONS_API__: true,
    __VUE_PROD_DEVTOOLS__: false,
    __VUE_PROD_HYDRATION_MISMATCH_DETAILS__: false
  },
  ssr: {
    target: 'node',
    external: [],
    optimizeDeps: { noDiscovery: true, esbuildOptions: [Object] }
  },
  configFile: 'C:/Users/angel/Desktop/barberia_project/barberia_project_frontend/vite.config.js',
  configFileDependencies: [
    'C:/Users/angel/Desktop/barberia_project/barberia_project_frontend/vite.config.js'
  ],
  inlineConfig: {
    root: undefined,
    base: undefined,
    mode: undefined,
    configFile: undefined,
    logLevel: undefined,
    clearScreen: undefined,
    build: {}
  },
  root: 'C:/Users/angel/Desktop/barberia_project/barberia_project_frontend',
  base: '/',
  decodedBase: '/',
  rawBase: '/',
  publicDir: 'C:/Users/angel/Desktop/barberia_project/barberia_project_frontend/public',
  cacheDir: 'C:/Users/angel/Desktop/barberia_project/barberia_project_frontend/node_modules/.vite',
  command: 'build',
  mode: 'production',
  isWorker: false,
  mainConfig: null,
  bundleChain: [],
  isProduction: true,
  css: { lightningcss: undefined },
  esbuild: { jsxDev: false },
  preview: {
    port: undefined,
    strictPort: undefined,
    host: undefined,
    allowedHosts: undefined,
    https: undefined,
    open: undefined,
    proxy: { '/api': [Object] },
    cors: undefined,
    headers: undefined
  },
  envDir: 'C:/Users/angel/Desktop/barberia_project/barberia_project_frontend',
  env: {
    VITE_API_URL: 'http://bajadita-backend-dev-10mgef-4999c8-46-62-238-229.traefik.me/api',
    BASE_URL: '/',
    MODE: 'production',
    DEV: false,
    PROD: true
  },
  assetsInclude: [Function: assetsInclude],
  logger: {
    hasWarned: false,
    info: [Function: info],
    warn: [Function (anonymous)],
    warnOnce: [Function: warnOnce],
    error: [Function: error],
    clearScreen: [Function: clearScreen],
    hasErrorLogged: [Function: hasErrorLogged]
  },
  packageCache: Map(1) {
    'fnpd_C:/Users/angel/Desktop/barberia_project/barberia_project_frontend' => {
      dir: 'C:/Users/angel/Desktop/barberia_project/barberia_project_frontend',
      data: [Object],
      hasSideEffects: [Function: hasSideEffects],
      webResolvedImports: {},
      nodeResolvedImports: {},
      setResolvedCache: [Function: setResolvedCache],
      getResolvedCache: [Function: getResolvedCache]
    },
    set: [Function (anonymous)]
  },
  createResolver: [Function: createResolver],
  optimizeDeps: {
    holdUntilCrawlEnd: true,
    esbuildOptions: { preserveSymlinks: false }
  },
  worker: { format: 'iife', plugins: '() => plugins', rollupOptions: {} },
  appType: 'spa',
  experimental: { importGlobRestoreExtension: false, hmrPartialAccept: false },
  webSocketToken: 'fVV5mLOLLeCR',
  additionalAllowedHosts: [],
  getSortedPlugins: [Function: getSortedPlugins],
  getSortedPluginHooks: [Function: getSortedPluginHooks]
}
[36mvite v5.4.19 [32mbuilding for production...[36m[39m
transforming...
[32m✓[39m 554 modules transformed.
rendering chunks...
computing gzip size...
[2mdist/[22m[32mindex.html                          [39m[1m[2m    0.59 kB[22m[1m[22m[2m │ gzip:   0.37 kB[22m
[2mdist/[22m[35massets/index-e9oYwbHu.css           [39m[1m[2m   68.15 kB[22m[1m[22m[2m │ gzip:   8.83 kB[22m
[2mdist/[22m[36massets/purify.es-CQJ0hv7W.js        [39m[1m[2m   21.82 kB[22m[1m[22m[2m │ gzip:   8.58 kB[22m
[2mdist/[22m[36massets/index.es-Cxhq_Xpn.js         [39m[1m[2m  150.42 kB[22m[1m[22m[2m │ gzip:  51.39 kB[22m
[2mdist/[22m[36massets/html2canvas.esm-CBrSDip1.js  [39m[1m[2m  201.42 kB[22m[1m[22m[2m │ gzip:  48.03 kB[22m
[2mdist/[22m[36massets/index-BC8qhYVc.js            [39m[1m[33m1,412.43 kB[39m[22m[2m │ gzip: 409.64 kB[22m
[33m
(!) Some chunks are larger than 500 kB after minification. Consider:
- Using dynamic import() to code-split the application
- Use build.rollupOptions.output.manualChunks to improve chunking: https://rollupjs.org/configuration-options/#output-manualchunks
- Adjust chunk size limit for this warning via build.chunkSizeWarningLimit.[39m
[32m✓ built in 4.51s[39m
